

Processing UsersController#index (for 127.0.0.1 at 2010-09-25 12:04:17) [GET]
  [4;36;1mUser Load (0.0ms)[0m   [0;1mSQLite3::SQLException: no such table: users: SELECT * FROM "users" [0m


ActiveRecord::StatementInvalid (SQLite3::SQLException: no such table: users: SELECT * FROM "users" ):
    /vendor/rails/activerecord/lib/active_record/connection_adapters/abstract_adapter.rb:188:in `log'
    /vendor/rails/activerecord/lib/active_record/connection_adapters/sqlite_adapter.rb:132:in `execute'
    /vendor/rails/activerecord/lib/active_record/connection_adapters/sqlite_adapter.rb:372:in `catch_schema_changes'
    /vendor/rails/activerecord/lib/active_record/connection_adapters/sqlite_adapter.rb:132:in `execute'
    /vendor/rails/activerecord/lib/active_record/connection_adapters/sqlite_adapter.rb:275:in `select'
    /vendor/rails/activerecord/lib/active_record/connection_adapters/abstract/database_statements.rb:7:in `select_all_without_query_cache'
    /vendor/rails/activerecord/lib/active_record/connection_adapters/abstract/query_cache.rb:60:in `select_all'
    /vendor/rails/activerecord/lib/active_record/connection_adapters/abstract/query_cache.rb:81:in `cache_sql'
    /vendor/rails/activerecord/lib/active_record/connection_adapters/abstract/query_cache.rb:60:in `select_all'
    /vendor/rails/activerecord/lib/active_record/base.rb:635:in `find_by_sql'
    /vendor/rails/activerecord/lib/active_record/base.rb:1490:in `find_every'
    /vendor/rails/activerecord/lib/active_record/base.rb:589:in `find'
    /app/controllers/users_controller.rb:5:in `index'
    /vendor/rails/actionpack/lib/action_controller/base.rb:1256:in `send'
    /vendor/rails/actionpack/lib/action_controller/base.rb:1256:in `perform_action_without_filters'
    /vendor/rails/actionpack/lib/action_controller/filters.rb:617:in `call_filters'
    /vendor/rails/actionpack/lib/action_controller/filters.rb:610:in `perform_action_without_benchmark'
    /vendor/rails/actionpack/lib/action_controller/benchmarking.rb:68:in `perform_action_without_rescue'
    /usr/lib/ruby/1.8/benchmark.rb:293:in `measure'
    /vendor/rails/actionpack/lib/action_controller/benchmarking.rb:68:in `perform_action_without_rescue'
    /vendor/rails/actionpack/lib/action_controller/rescue.rb:136:in `perform_action_without_caching'
    /vendor/rails/actionpack/lib/action_controller/caching/sql_cache.rb:13:in `perform_action'
    /vendor/rails/activerecord/lib/active_record/connection_adapters/abstract/query_cache.rb:34:in `cache'
    /vendor/rails/activerecord/lib/active_record/query_cache.rb:8:in `cache'
    /vendor/rails/actionpack/lib/action_controller/caching/sql_cache.rb:12:in `perform_action'
    /vendor/rails/actionpack/lib/action_controller/base.rb:524:in `send'
    /vendor/rails/actionpack/lib/action_controller/base.rb:524:in `process_without_filters'
    /vendor/rails/actionpack/lib/action_controller/filters.rb:606:in `process_without_session_management_support'
    /vendor/rails/actionpack/lib/action_controller/session_management.rb:134:in `process'
    /vendor/rails/actionpack/lib/action_controller/base.rb:392:in `process'
    /vendor/rails/actionpack/lib/action_controller/dispatcher.rb:184:in `handle_request'
    /vendor/rails/actionpack/lib/action_controller/dispatcher.rb:112:in `dispatch_unlocked'
    /vendor/rails/actionpack/lib/action_controller/dispatcher.rb:125:in `dispatch'
    /vendor/rails/actionpack/lib/action_controller/dispatcher.rb:124:in `synchronize'
    /vendor/rails/actionpack/lib/action_controller/dispatcher.rb:124:in `dispatch'
    /vendor/rails/actionpack/lib/action_controller/dispatcher.rb:134:in `dispatch_cgi'
    /vendor/rails/actionpack/lib/action_controller/dispatcher.rb:41:in `dispatch'
    /home/divya/.gem/ruby/1.8/gems/mongrel-1.1.5/bin/../lib/mongrel/rails.rb:76:in `process'
    /home/divya/.gem/ruby/1.8/gems/mongrel-1.1.5/bin/../lib/mongrel/rails.rb:74:in `synchronize'
    /home/divya/.gem/ruby/1.8/gems/mongrel-1.1.5/bin/../lib/mongrel/rails.rb:74:in `process'
    /home/divya/.gem/ruby/1.8/gems/mongrel-1.1.5/lib/mongrel.rb:159:in `process_client'
    /home/divya/.gem/ruby/1.8/gems/mongrel-1.1.5/lib/mongrel.rb:158:in `each'
    /home/divya/.gem/ruby/1.8/gems/mongrel-1.1.5/lib/mongrel.rb:158:in `process_client'
    /home/divya/.gem/ruby/1.8/gems/mongrel-1.1.5/lib/mongrel.rb:285:in `run'
    /home/divya/.gem/ruby/1.8/gems/mongrel-1.1.5/lib/mongrel.rb:285:in `initialize'
    /home/divya/.gem/ruby/1.8/gems/mongrel-1.1.5/lib/mongrel.rb:285:in `new'
    /home/divya/.gem/ruby/1.8/gems/mongrel-1.1.5/lib/mongrel.rb:285:in `run'
    /home/divya/.gem/ruby/1.8/gems/mongrel-1.1.5/lib/mongrel.rb:268:in `initialize'
    /home/divya/.gem/ruby/1.8/gems/mongrel-1.1.5/lib/mongrel.rb:268:in `new'
    /home/divya/.gem/ruby/1.8/gems/mongrel-1.1.5/lib/mongrel.rb:268:in `run'
    /home/divya/.gem/ruby/1.8/gems/mongrel-1.1.5/lib/mongrel/configurator.rb:282:in `run'
    /home/divya/.gem/ruby/1.8/gems/mongrel-1.1.5/lib/mongrel/configurator.rb:281:in `each'
    /home/divya/.gem/ruby/1.8/gems/mongrel-1.1.5/lib/mongrel/configurator.rb:281:in `run'
    /home/divya/.gem/ruby/1.8/gems/mongrel-1.1.5/bin/mongrel_rails:128:in `run'
    /home/divya/.gem/ruby/1.8/gems/mongrel-1.1.5/lib/mongrel/command.rb:212:in `run'
    /home/divya/.gem/ruby/1.8/gems/mongrel-1.1.5/bin/mongrel_rails:281
    /vendor/rails/activesupport/lib/active_support/dependencies.rb:142:in `load_without_new_constant_marking'
    /vendor/rails/activesupport/lib/active_support/dependencies.rb:142:in `load'
    /vendor/rails/activesupport/lib/active_support/dependencies.rb:521:in `new_constants_in'
    /vendor/rails/activesupport/lib/active_support/dependencies.rb:142:in `load'
    /vendor/rails/railties/lib/commands/servers/mongrel.rb:64
    /usr/lib/ruby/1.8/rubygems/custom_require.rb:31:in `gem_original_require'
    /usr/lib/ruby/1.8/rubygems/custom_require.rb:31:in `require'
    /vendor/rails/activesupport/lib/active_support/dependencies.rb:153:in `require'
    /vendor/rails/activesupport/lib/active_support/dependencies.rb:521:in `new_constants_in'
    /vendor/rails/activesupport/lib/active_support/dependencies.rb:153:in `require'
    /vendor/rails/railties/lib/commands/server.rb:49
    /usr/lib/ruby/1.8/rubygems/custom_require.rb:31:in `gem_original_require'
    /usr/lib/ruby/1.8/rubygems/custom_require.rb:31:in `require'
    script/server:3

Rendered /home/divya/Documents/OASP/vendor/rails/actionpack/lib/action_controller/templates/rescues/_trace (47.6ms)
Rendered /home/divya/Documents/OASP/vendor/rails/actionpack/lib/action_controller/templates/rescues/_request_and_response (20.2ms)
Rendering /home/divya/Documents/OASP/vendor/rails/actionpack/lib/action_controller/templates/rescues/layout.erb (internal_server_error)
  [4;36;1mSQL (0.8ms)[0m   [0;1m SELECT name
 FROM sqlite_master
 WHERE type = 'table' AND NOT name = 'sqlite_sequence'
[0m
  [4;35;1mSQL (49.3ms)[0m   [0mselect sqlite_version(*)[0m
  [4;36;1mSQL (31.0ms)[0m   [0;1mCREATE TABLE "schema_migrations" ("version" varchar(255) NOT NULL) [0m
  [4;35;1mSQL (3.8ms)[0m   [0mCREATE UNIQUE INDEX "unique_schema_migrations" ON "schema_migrations" ("version")[0m
  [4;36;1mSQL (0.3ms)[0m   [0;1m SELECT name
 FROM sqlite_master
 WHERE type = 'table' AND NOT name = 'sqlite_sequence'
[0m
  [4;35;1mSQL (0.1ms)[0m   [0mSELECT version FROM schema_migrations[0m
Migrating to CreateUsers (20100925183757)
  [4;36;1mSQL (9.2ms)[0m   [0;1mCREATE TABLE "users" ("id" INTEGER PRIMARY KEY AUTOINCREMENT NOT NULL, "created_at" datetime, "updated_at" datetime) [0m
  [4;35;1mSQL (3.3ms)[0m   [0mINSERT INTO schema_migrations (version) VALUES ('20100925183757')[0m
  [4;36;1mSQL (0.4ms)[0m   [0;1m SELECT name
 FROM sqlite_master
 WHERE type = 'table' AND NOT name = 'sqlite_sequence'
[0m
  [4;35;1mSQL (0.2ms)[0m   [0mSELECT version FROM schema_migrations[0m
  [4;36;1mSQL (0.3ms)[0m   [0;1m SELECT name
 FROM sqlite_master
 WHERE type = 'table' AND NOT name = 'sqlite_sequence'
[0m
  [4;35;1mSQL (0.1ms)[0m   [0mPRAGMA index_list("users")[0m


Processing UsersController#index (for 127.0.0.1 at 2010-09-25 12:05:42) [GET]
  [4;36;1mUser Load (2.9ms)[0m   [0;1mSELECT * FROM "users" [0m
Rendering template within layouts/users
Rendering users/index
Completed in 18ms (View: 4, DB: 3) | 200 OK [http://localhost/users]


Processing UsersController#new (for 127.0.0.1 at 2010-09-25 12:06:11) [GET]
Rendering template within layouts/users
Rendering users/new
Completed in 22ms (View: 9, DB: 0) | 200 OK [http://localhost/users/new]


Processing UsersController#create (for 127.0.0.1 at 2010-09-25 12:06:13) [POST]
  Parameters: {"commit"=>"Create", "authenticity_token"=>"7bc5bd7515cc8105990a0ad45fbb3c40cfacbf13"}
  [4;35;1mUser Create (0.6ms)[0m   [0mINSERT INTO "users" ("created_at", "updated_at") VALUES('2010-09-25 19:06:13', '2010-09-25 19:06:13')[0m
Redirected to #<User:0xb66ad98c>
Completed in 46ms (DB: 1) | 302 Found [http://localhost/users]


Processing UsersController#show (for 127.0.0.1 at 2010-09-25 12:06:13) [GET]
  Parameters: {"id"=>"1"}
  [4;36;1mUser Load (0.6ms)[0m   [0;1mSELECT * FROM "users" WHERE ("users"."id" = 1) [0m
Rendering template within layouts/users
Rendering users/show
Completed in 17ms (View: 5, DB: 1) | 200 OK [http://localhost/users/1]
